Analysis & Synthesis report for GreenP
Mon May 12 15:57:09 2025
Quartus Prime Version 20.1.0 Build 711 06/05/2020 SJ Lite Edition


---------------------
; Table of Contents ;
---------------------
  1. Legal Notice
  2. Analysis & Synthesis Summary
  3. Analysis & Synthesis Settings
  4. Parallel Compilation
  5. Analysis & Synthesis Source Files Read
  6. Analysis & Synthesis Resource Usage Summary
  7. Analysis & Synthesis Resource Utilization by Entity
  8. General Register Statistics
  9. Post-Synthesis Netlist Statistics for Top Partition
 10. Elapsed Time Per Partition
 11. Analysis & Synthesis Messages



----------------
; Legal Notice ;
----------------
Copyright (C) 2020  Intel Corporation. All rights reserved.
Your use of Intel Corporation's design tools, logic functions 
and other software and tools, and any partner logic 
functions, and any output files from any of the foregoing 
(including device programming or simulation files), and any 
associated documentation or information are expressly subject 
to the terms and conditions of the Intel Program License 
Subscription Agreement, the Intel Quartus Prime License Agreement,
the Intel FPGA IP License Agreement, or other applicable license
agreement, including, without limitation, that your use is for
the sole purpose of programming logic devices manufactured by
Intel and sold by Intel or its authorized distributors.  Please
refer to the applicable agreement for further details, at
https://fpgasoftware.intel.com/eula.



+----------------------------------------------------------------------------------+
; Analysis & Synthesis Summary                                                     ;
+------------------------------------+---------------------------------------------+
; Analysis & Synthesis Status        ; Successful - Mon May 12 15:57:09 2025       ;
; Quartus Prime Version              ; 20.1.0 Build 711 06/05/2020 SJ Lite Edition ;
; Revision Name                      ; GreenP                                      ;
; Top-level Entity Name              ; GreenP                                      ;
; Family                             ; Cyclone IV E                                ;
; Total logic elements               ; 0                                           ;
;     Total combinational functions  ; 0                                           ;
;     Dedicated logic registers      ; 0                                           ;
; Total registers                    ; 0                                           ;
; Total pins                         ; 71                                          ;
; Total virtual pins                 ; 0                                           ;
; Total memory bits                  ; 0                                           ;
; Embedded Multiplier 9-bit elements ; 0                                           ;
; Total PLLs                         ; 0                                           ;
+------------------------------------+---------------------------------------------+


+------------------------------------------------------------------------------------------------------------+
; Analysis & Synthesis Settings                                                                              ;
+------------------------------------------------------------------+--------------------+--------------------+
; Option                                                           ; Setting            ; Default Value      ;
+------------------------------------------------------------------+--------------------+--------------------+
; Device                                                           ; EP4CE6F17C8        ;                    ;
; Top-level entity name                                            ; GreenP             ; GreenP             ;
; Family name                                                      ; Cyclone IV E       ; Cyclone V          ;
; Use smart compilation                                            ; Off                ; Off                ;
; Enable parallel Assembler and Timing Analyzer during compilation ; On                 ; On                 ;
; Enable compact report table                                      ; Off                ; Off                ;
; Restructure Multiplexers                                         ; Auto               ; Auto               ;
; Create Debugging Nodes for IP Cores                              ; Off                ; Off                ;
; Preserve fewer node names                                        ; On                 ; On                 ;
; Intel FPGA IP Evaluation Mode                                    ; Enable             ; Enable             ;
; Verilog Version                                                  ; Verilog_2001       ; Verilog_2001       ;
; VHDL Version                                                     ; VHDL_1993          ; VHDL_1993          ;
; State Machine Processing                                         ; Auto               ; Auto               ;
; Safe State Machine                                               ; Off                ; Off                ;
; Extract Verilog State Machines                                   ; On                 ; On                 ;
; Extract VHDL State Machines                                      ; On                 ; On                 ;
; Ignore Verilog initial constructs                                ; Off                ; Off                ;
; Iteration limit for constant Verilog loops                       ; 5000               ; 5000               ;
; Iteration limit for non-constant Verilog loops                   ; 250                ; 250                ;
; Add Pass-Through Logic to Inferred RAMs                          ; On                 ; On                 ;
; Infer RAMs from Raw Logic                                        ; On                 ; On                 ;
; Parallel Synthesis                                               ; On                 ; On                 ;
; DSP Block Balancing                                              ; Auto               ; Auto               ;
; NOT Gate Push-Back                                               ; On                 ; On                 ;
; Power-Up Don't Care                                              ; On                 ; On                 ;
; Remove Redundant Logic Cells                                     ; Off                ; Off                ;
; Remove Duplicate Registers                                       ; On                 ; On                 ;
; Ignore CARRY Buffers                                             ; Off                ; Off                ;
; Ignore CASCADE Buffers                                           ; Off                ; Off                ;
; Ignore GLOBAL Buffers                                            ; Off                ; Off                ;
; Ignore ROW GLOBAL Buffers                                        ; Off                ; Off                ;
; Ignore LCELL Buffers                                             ; Off                ; Off                ;
; Ignore SOFT Buffers                                              ; On                 ; On                 ;
; Limit AHDL Integers to 32 Bits                                   ; Off                ; Off                ;
; Optimization Technique                                           ; Balanced           ; Balanced           ;
; Carry Chain Length                                               ; 70                 ; 70                 ;
; Auto Carry Chains                                                ; On                 ; On                 ;
; Auto Open-Drain Pins                                             ; On                 ; On                 ;
; Perform WYSIWYG Primitive Resynthesis                            ; Off                ; Off                ;
; Auto ROM Replacement                                             ; On                 ; On                 ;
; Auto RAM Replacement                                             ; On                 ; On                 ;
; Auto DSP Block Replacement                                       ; On                 ; On                 ;
; Auto Shift Register Replacement                                  ; Auto               ; Auto               ;
; Allow Shift Register Merging across Hierarchies                  ; Auto               ; Auto               ;
; Auto Clock Enable Replacement                                    ; On                 ; On                 ;
; Strict RAM Replacement                                           ; Off                ; Off                ;
; Allow Synchronous Control Signals                                ; On                 ; On                 ;
; Force Use of Synchronous Clear Signals                           ; Off                ; Off                ;
; Auto RAM Block Balancing                                         ; On                 ; On                 ;
; Auto RAM to Logic Cell Conversion                                ; Off                ; Off                ;
; Auto Resource Sharing                                            ; Off                ; Off                ;
; Allow Any RAM Size For Recognition                               ; Off                ; Off                ;
; Allow Any ROM Size For Recognition                               ; Off                ; Off                ;
; Allow Any Shift Register Size For Recognition                    ; Off                ; Off                ;
; Use LogicLock Constraints during Resource Balancing              ; On                 ; On                 ;
; Ignore translate_off and synthesis_off directives                ; Off                ; Off                ;
; Timing-Driven Synthesis                                          ; On                 ; On                 ;
; Report Parameter Settings                                        ; On                 ; On                 ;
; Report Source Assignments                                        ; On                 ; On                 ;
; Report Connectivity Checks                                       ; On                 ; On                 ;
; Ignore Maximum Fan-Out Assignments                               ; Off                ; Off                ;
; Synchronization Register Chain Length                            ; 2                  ; 2                  ;
; Power Optimization During Synthesis                              ; Normal compilation ; Normal compilation ;
; HDL message level                                                ; Level2             ; Level2             ;
; Suppress Register Optimization Related Messages                  ; Off                ; Off                ;
; Number of Removed Registers Reported in Synthesis Report         ; 5000               ; 5000               ;
; Number of Swept Nodes Reported in Synthesis Report               ; 5000               ; 5000               ;
; Number of Inverted Registers Reported in Synthesis Report        ; 100                ; 100                ;
; Clock MUX Protection                                             ; On                 ; On                 ;
; Auto Gated Clock Conversion                                      ; Off                ; Off                ;
; Block Design Naming                                              ; Auto               ; Auto               ;
; SDC constraint protection                                        ; Off                ; Off                ;
; Synthesis Effort                                                 ; Auto               ; Auto               ;
; Shift Register Replacement - Allow Asynchronous Clear Signal     ; On                 ; On                 ;
; Pre-Mapping Resynthesis Optimization                             ; Off                ; Off                ;
; Analysis & Synthesis Message Level                               ; Medium             ; Medium             ;
; Disable Register Merging Across Hierarchies                      ; Auto               ; Auto               ;
; Resource Aware Inference For Block RAM                           ; On                 ; On                 ;
+------------------------------------------------------------------+--------------------+--------------------+


+------------------------------------------+
; Parallel Compilation                     ;
+----------------------------+-------------+
; Processors                 ; Number      ;
+----------------------------+-------------+
; Number detected on machine ; 8           ;
; Maximum allowed            ; 2           ;
;                            ;             ;
; Average used               ; 1.00        ;
; Maximum used               ; 1           ;
;                            ;             ;
; Usage by Processor         ; % Time Used ;
;     Processor 1            ; 100.0%      ;
+----------------------------+-------------+


+------------------------------------------------------------------------------------------------------------------------------------------------------+
; Analysis & Synthesis Source Files Read                                                                                                               ;
+----------------------------------+-----------------+------------------------+--------------------------------------------------------------+---------+
; File Name with User-Entered Path ; Used in Netlist ; File Type              ; File Name with Absolute Path                                 ; Library ;
+----------------------------------+-----------------+------------------------+--------------------------------------------------------------+---------+
; GreenP.v                         ; yes             ; User Verilog HDL File  ; /home/amur/project_2161/backend/app/data/2161_Green/GreenP.v ;         ;
+----------------------------------+-----------------+------------------------+--------------------------------------------------------------+---------+


+---------------------------------------------------------+
; Analysis & Synthesis Resource Usage Summary             ;
+---------------------------------------------+-----------+
; Resource                                    ; Usage     ;
+---------------------------------------------+-----------+
;                                             ;           ;
; Total combinational functions               ; 0         ;
; Logic element usage by number of LUT inputs ;           ;
;     -- 4 input functions                    ; 0         ;
;     -- 3 input functions                    ; 0         ;
;     -- <=2 input functions                  ; 0         ;
;                                             ;           ;
; Logic elements by mode                      ;           ;
;     -- normal mode                          ; 0         ;
;     -- arithmetic mode                      ; 0         ;
;                                             ;           ;
; Total registers                             ; 0         ;
;     -- Dedicated logic registers            ; 0         ;
;     -- I/O registers                        ; 0         ;
;                                             ;           ;
; I/O pins                                    ; 71        ;
;                                             ;           ;
; Embedded Multiplier 9-bit elements          ; 0         ;
;                                             ;           ;
; Maximum fan-out node                        ; M1~output ;
; Maximum fan-out                             ; 1         ;
; Total fan-out                               ; 144       ;
; Average fan-out                             ; 0.68      ;
+---------------------------------------------+-----------+


+----------------------------------------------------------------------------------------------------------------------------------------------------------------------------------------------------------+
; Analysis & Synthesis Resource Utilization by Entity                                                                                                                                                      ;
+----------------------------+---------------------+---------------------------+-------------+--------------+---------+-----------+------+--------------+---------------------+-------------+--------------+
; Compilation Hierarchy Node ; Combinational ALUTs ; Dedicated Logic Registers ; Memory Bits ; DSP Elements ; DSP 9x9 ; DSP 18x18 ; Pins ; Virtual Pins ; Full Hierarchy Name ; Entity Name ; Library Name ;
+----------------------------+---------------------+---------------------------+-------------+--------------+---------+-----------+------+--------------+---------------------+-------------+--------------+
; |GreenP                    ; 0 (0)               ; 0 (0)                     ; 0           ; 0            ; 0       ; 0         ; 71   ; 0            ; |GreenP             ; GreenP      ; work         ;
+----------------------------+---------------------+---------------------------+-------------+--------------+---------+-----------+------+--------------+---------------------+-------------+--------------+
Note: For table entries with two numbers listed, the numbers in parentheses indicate the number of resources of the given type used by the specific entity alone. The numbers listed outside of parentheses indicate the total resources of the given type used by the specific entity and all of its sub-entities in the hierarchy.


+------------------------------------------------------+
; General Register Statistics                          ;
+----------------------------------------------+-------+
; Statistic                                    ; Value ;
+----------------------------------------------+-------+
; Total registers                              ; 0     ;
; Number of registers using Synchronous Clear  ; 0     ;
; Number of registers using Synchronous Load   ; 0     ;
; Number of registers using Asynchronous Clear ; 0     ;
; Number of registers using Asynchronous Load  ; 0     ;
; Number of registers using Clock Enable       ; 0     ;
; Number of registers using Preset             ; 0     ;
+----------------------------------------------+-------+


+-----------------------------------------------------+
; Post-Synthesis Netlist Statistics for Top Partition ;
+--------------------+--------------------------------+
; Type               ; Count                          ;
+--------------------+--------------------------------+
; boundary_port      ; 71                             ;
; cycloneiii_io_obuf ; 71                             ;
;                    ;                                ;
; Max LUT depth      ; 0.00                           ;
; Average LUT depth  ; 0.00                           ;
+--------------------+--------------------------------+


+-------------------------------+
; Elapsed Time Per Partition    ;
+----------------+--------------+
; Partition Name ; Elapsed Time ;
+----------------+--------------+
; Top            ; 00:00:00     ;
+----------------+--------------+


+-------------------------------+
; Analysis & Synthesis Messages ;
+-------------------------------+
Info: *******************************************************************
Info: Running Quartus Prime Analysis & Synthesis
    Info: Version 20.1.0 Build 711 06/05/2020 SJ Lite Edition
    Info: Processing started: Mon May 12 15:56:54 2025
Info: Command: quartus_map --read_settings_files=on --write_settings_files=off GreenP -c GreenP
Warning (18236): Number of processors has not been specified which may cause overloading on shared machines.  Set the global assignment NUM_PARALLEL_PROCESSORS in your QSF to an appropriate value for best performance.
Info (20030): Parallel compilation is enabled and will use 2 of the 2 processors detected
Info (12021): Found 1 design units, including 1 entities, in source file GreenP.v
    Info (12023): Found entity 1: GreenP File: /home/amur/project_2161/backend/app/data/2161_Green/GreenP.v Line: 1
Info (12127): Elaborating entity "GreenP" for the top level hierarchy
Warning (10665): Bidirectional port "G1" at GreenP.v(17) has a one-way connection to bidirectional port "N9" File: /home/amur/project_2161/backend/app/data/2161_Green/GreenP.v Line: 17
Warning (10665): Bidirectional port "N5" at GreenP.v(23) has a one-way connection to bidirectional port "M9" File: /home/amur/project_2161/backend/app/data/2161_Green/GreenP.v Line: 23
Warning (13039): The following bidirectional pins have no drivers
    Warning (13040): bidirectional pin "G1" has no driver File: /home/amur/project_2161/backend/app/data/2161_Green/GreenP.v Line: 17
    Warning (13040): bidirectional pin "N5" has no driver File: /home/amur/project_2161/backend/app/data/2161_Green/GreenP.v Line: 23
    Warning (13040): bidirectional pin "M1" has no driver File: /home/amur/project_2161/backend/app/data/2161_Green/GreenP.v Line: 4
    Warning (13040): bidirectional pin "P3" has no driver File: /home/amur/project_2161/backend/app/data/2161_Green/GreenP.v Line: 5
    Warning (13040): bidirectional pin "T7" has no driver File: /home/amur/project_2161/backend/app/data/2161_Green/GreenP.v Line: 6
    Warning (13040): bidirectional pin "T6" has no driver File: /home/amur/project_2161/backend/app/data/2161_Green/GreenP.v Line: 7
    Warning (13040): bidirectional pin "T5" has no driver File: /home/amur/project_2161/backend/app/data/2161_Green/GreenP.v Line: 8
    Warning (13040): bidirectional pin "T4" has no driver File: /home/amur/project_2161/backend/app/data/2161_Green/GreenP.v Line: 9
    Warning (13040): bidirectional pin "T3" has no driver File: /home/amur/project_2161/backend/app/data/2161_Green/GreenP.v Line: 10
    Warning (13040): bidirectional pin "T2" has no driver File: /home/amur/project_2161/backend/app/data/2161_Green/GreenP.v Line: 11
    Warning (13040): bidirectional pin "P2" has no driver File: /home/amur/project_2161/backend/app/data/2161_Green/GreenP.v Line: 12
    Warning (13040): bidirectional pin "N2" has no driver File: /home/amur/project_2161/backend/app/data/2161_Green/GreenP.v Line: 13
    Warning (13040): bidirectional pin "L2" has no driver File: /home/amur/project_2161/backend/app/data/2161_Green/GreenP.v Line: 14
    Warning (13040): bidirectional pin "K2" has no driver File: /home/amur/project_2161/backend/app/data/2161_Green/GreenP.v Line: 15
    Warning (13040): bidirectional pin "J2" has no driver File: /home/amur/project_2161/backend/app/data/2161_Green/GreenP.v Line: 16
    Warning (13040): bidirectional pin "F1" has no driver File: /home/amur/project_2161/backend/app/data/2161_Green/GreenP.v Line: 18
    Warning (13040): bidirectional pin "C2" has no driver File: /home/amur/project_2161/backend/app/data/2161_Green/GreenP.v Line: 19
    Warning (13040): bidirectional pin "D3" has no driver File: /home/amur/project_2161/backend/app/data/2161_Green/GreenP.v Line: 20
    Warning (13040): bidirectional pin "E5" has no driver File: /home/amur/project_2161/backend/app/data/2161_Green/GreenP.v Line: 21
    Warning (13040): bidirectional pin "N3" has no driver File: /home/amur/project_2161/backend/app/data/2161_Green/GreenP.v Line: 24
    Warning (13040): bidirectional pin "R7" has no driver File: /home/amur/project_2161/backend/app/data/2161_Green/GreenP.v Line: 25
    Warning (13040): bidirectional pin "R6" has no driver File: /home/amur/project_2161/backend/app/data/2161_Green/GreenP.v Line: 26
    Warning (13040): bidirectional pin "R5" has no driver File: /home/amur/project_2161/backend/app/data/2161_Green/GreenP.v Line: 27
    Warning (13040): bidirectional pin "R4" has no driver File: /home/amur/project_2161/backend/app/data/2161_Green/GreenP.v Line: 28
    Warning (13040): bidirectional pin "R3" has no driver File: /home/amur/project_2161/backend/app/data/2161_Green/GreenP.v Line: 29
    Warning (13040): bidirectional pin "R1" has no driver File: /home/amur/project_2161/backend/app/data/2161_Green/GreenP.v Line: 30
    Warning (13040): bidirectional pin "P1" has no driver File: /home/amur/project_2161/backend/app/data/2161_Green/GreenP.v Line: 31
    Warning (13040): bidirectional pin "N1" has no driver File: /home/amur/project_2161/backend/app/data/2161_Green/GreenP.v Line: 32
    Warning (13040): bidirectional pin "L1" has no driver File: /home/amur/project_2161/backend/app/data/2161_Green/GreenP.v Line: 33
    Warning (13040): bidirectional pin "K1" has no driver File: /home/amur/project_2161/backend/app/data/2161_Green/GreenP.v Line: 34
    Warning (13040): bidirectional pin "J1" has no driver File: /home/amur/project_2161/backend/app/data/2161_Green/GreenP.v Line: 35
    Warning (13040): bidirectional pin "G2" has no driver File: /home/amur/project_2161/backend/app/data/2161_Green/GreenP.v Line: 36
    Warning (13040): bidirectional pin "F2" has no driver File: /home/amur/project_2161/backend/app/data/2161_Green/GreenP.v Line: 37
    Warning (13040): bidirectional pin "B1" has no driver File: /home/amur/project_2161/backend/app/data/2161_Green/GreenP.v Line: 38
    Warning (13040): bidirectional pin "D4" has no driver File: /home/amur/project_2161/backend/app/data/2161_Green/GreenP.v Line: 39
    Warning (13040): bidirectional pin "D5" has no driver File: /home/amur/project_2161/backend/app/data/2161_Green/GreenP.v Line: 40
    Warning (13040): bidirectional pin "T14" has no driver File: /home/amur/project_2161/backend/app/data/2161_Green/GreenP.v Line: 43
    Warning (13040): bidirectional pin "R13" has no driver File: /home/amur/project_2161/backend/app/data/2161_Green/GreenP.v Line: 44
    Warning (13040): bidirectional pin "T13" has no driver File: /home/amur/project_2161/backend/app/data/2161_Green/GreenP.v Line: 45
    Warning (13040): bidirectional pin "R11" has no driver File: /home/amur/project_2161/backend/app/data/2161_Green/GreenP.v Line: 46
    Warning (13040): bidirectional pin "M10" has no driver File: /home/amur/project_2161/backend/app/data/2161_Green/GreenP.v Line: 47
    Warning (13040): bidirectional pin "P9" has no driver File: /home/amur/project_2161/backend/app/data/2161_Green/GreenP.v Line: 48
    Warning (13040): bidirectional pin "M8" has no driver File: /home/amur/project_2161/backend/app/data/2161_Green/GreenP.v Line: 51
    Warning (13040): bidirectional pin "N8" has no driver File: /home/amur/project_2161/backend/app/data/2161_Green/GreenP.v Line: 52
    Warning (13040): bidirectional pin "P8" has no driver File: /home/amur/project_2161/backend/app/data/2161_Green/GreenP.v Line: 53
    Warning (13040): bidirectional pin "N12" has no driver File: /home/amur/project_2161/backend/app/data/2161_Green/GreenP.v Line: 54
    Warning (13040): bidirectional pin "M11" has no driver File: /home/amur/project_2161/backend/app/data/2161_Green/GreenP.v Line: 55
    Warning (13040): bidirectional pin "T11" has no driver File: /home/amur/project_2161/backend/app/data/2161_Green/GreenP.v Line: 56
    Warning (13040): bidirectional pin "R10" has no driver File: /home/amur/project_2161/backend/app/data/2161_Green/GreenP.v Line: 57
    Warning (13040): bidirectional pin "T10" has no driver File: /home/amur/project_2161/backend/app/data/2161_Green/GreenP.v Line: 58
    Warning (13040): bidirectional pin "R9" has no driver File: /home/amur/project_2161/backend/app/data/2161_Green/GreenP.v Line: 59
    Warning (13040): bidirectional pin "T9" has no driver File: /home/amur/project_2161/backend/app/data/2161_Green/GreenP.v Line: 60
    Warning (13040): bidirectional pin "T8" has no driver File: /home/amur/project_2161/backend/app/data/2161_Green/GreenP.v Line: 61
    Warning (13040): bidirectional pin "R8" has no driver File: /home/amur/project_2161/backend/app/data/2161_Green/GreenP.v Line: 62
    Warning (13040): bidirectional pin "N6" has no driver File: /home/amur/project_2161/backend/app/data/2161_Green/GreenP.v Line: 63
    Warning (13040): bidirectional pin "C16" has no driver File: /home/amur/project_2161/backend/app/data/2161_Green/GreenP.v Line: 65
    Warning (13040): bidirectional pin "B12" has no driver File: /home/amur/project_2161/backend/app/data/2161_Green/GreenP.v Line: 66
    Warning (13040): bidirectional pin "A12" has no driver File: /home/amur/project_2161/backend/app/data/2161_Green/GreenP.v Line: 67
    Warning (13040): bidirectional pin "B11" has no driver File: /home/amur/project_2161/backend/app/data/2161_Green/GreenP.v Line: 68
    Warning (13040): bidirectional pin "A11" has no driver File: /home/amur/project_2161/backend/app/data/2161_Green/GreenP.v Line: 69
    Warning (13040): bidirectional pin "B9" has no driver File: /home/amur/project_2161/backend/app/data/2161_Green/GreenP.v Line: 70
    Warning (13040): bidirectional pin "A9" has no driver File: /home/amur/project_2161/backend/app/data/2161_Green/GreenP.v Line: 71
    Warning (13040): bidirectional pin "A8" has no driver File: /home/amur/project_2161/backend/app/data/2161_Green/GreenP.v Line: 72
    Warning (13040): bidirectional pin "B8" has no driver File: /home/amur/project_2161/backend/app/data/2161_Green/GreenP.v Line: 73
    Warning (13040): bidirectional pin "A7" has no driver File: /home/amur/project_2161/backend/app/data/2161_Green/GreenP.v Line: 74
    Warning (13040): bidirectional pin "B7" has no driver File: /home/amur/project_2161/backend/app/data/2161_Green/GreenP.v Line: 75
    Warning (13040): bidirectional pin "A6" has no driver File: /home/amur/project_2161/backend/app/data/2161_Green/GreenP.v Line: 76
    Warning (13040): bidirectional pin "B6" has no driver File: /home/amur/project_2161/backend/app/data/2161_Green/GreenP.v Line: 77
    Warning (13040): bidirectional pin "C6" has no driver File: /home/amur/project_2161/backend/app/data/2161_Green/GreenP.v Line: 80
Warning (13009): TRI or OPNDRN buffers permanently enabled
    Warning (13010): Node "N9~synth" File: /home/amur/project_2161/backend/app/data/2161_Green/GreenP.v Line: 49
    Warning (13010): Node "M9~synth" File: /home/amur/project_2161/backend/app/data/2161_Green/GreenP.v Line: 50
Info (16010): Generating hard_block partition "hard_block:auto_generated_inst"
    Info (16011): Adding 0 node(s), including 0 DDIO, 0 PLL, 0 transceiver and 0 LCELL
Info (21057): Implemented 71 device resources after synthesis - the final resource count might be different
    Info (21058): Implemented 0 input pins
    Info (21059): Implemented 0 output pins
    Info (21060): Implemented 71 bidirectional pins
Info: Quartus Prime Analysis & Synthesis was successful. 0 errors, 76 warnings
    Info: Peak virtual memory: 359 megabytes
    Info: Processing ended: Mon May 12 15:57:09 2025
    Info: Elapsed time: 00:00:15
    Info: Total CPU time (on all processors): 00:00:33


